# JRE version: Java(TM) SE Runtime Environment (8.0_251-b08) (build 1.8.0_251-b08)
# Java VM: Java HotSpot(TM) 64-Bit Server VM (25.251-b08 mixed mode bsd-amd64 compressed oops)
Heap:
 PSYoungGen      total 22528K, used 14143K [0x00000007bdf00000, 0x00000007c0000000, 0x00000007c0000000)
  eden space 11264K, 51% used [0x00000007bdf00000,0x00000007be4a02d0,0x00000007bea00000)
  from space 11264K, 74% used [0x00000007bf500000,0x00000007bfd2fce0,0x00000007c0000000)
  to   space 11264K, 0% used [0x00000007bea00000,0x00000007bea00000,0x00000007bf500000)
 ParOldGen       total 68608K, used 36613K [0x00000007b9c00000, 0x00000007bdf00000, 0x00000007bdf00000)
  object space 68608K, 53% used [0x00000007b9c00000,0x00000007bbfc1618,0x00000007bdf00000)
 Metaspace       used 75228K, capacity 78446K, committed 78592K, reserved 1118208K
  class space    used 9367K, capacity 9958K, committed 9984K, reserved 1048576K
GC Heap History (10 events):
Event: 61.545 GC heap before
{Heap before GC invocations=83 (full 3):
 PSYoungGen      total 22016K, used 21565K [0x00000007bdf00000, 0x00000007c0000000, 0x00000007c0000000)
  eden space 14336K, 100% used [0x00000007bdf00000,0x00000007bed00000,0x00000007bed00000)
  from space 7680K, 94% used [0x00000007bed00000,0x00000007bf40f4d8,0x00000007bf480000)
  to   space 10240K, 0% used [0x00000007bf600000,0x00000007bf600000,0x00000007c0000000)
 ParOldGen       total 68608K, used 35677K [0x00000007b9c00000, 0x00000007bdf00000, 0x00000007bdf00000)
  object space 68608K, 52% used [0x00000007b9c00000,0x00000007bbed7528,0x00000007bdf00000)
 Metaspace       used 73506K, capacity 76702K, committed 76928K, reserved 1116160K
  class space    used 9204K, capacity 9796K, committed 9856K, reserved 1048576K
Event: 61.570 GC heap after
Heap after GC invocations=83 (full 3):
 PSYoungGen      total 21504K, used 8254K [0x00000007bdf00000, 0x00000007c0000000, 0x00000007c0000000)
  eden space 11264K, 0% used [0x00000007bdf00000,0x00000007bdf00000,0x00000007bea00000)
  from space 10240K, 80% used [0x00000007bf600000,0x00000007bfe0f8b0,0x00000007c0000000)
  to   space 11264K, 0% used [0x00000007bea00000,0x00000007bea00000,0x00000007bf500000)
 ParOldGen       total 68608K, used 35977K [0x00000007b9c00000, 0x00000007bdf00000, 0x00000007bdf00000)
  object space 68608K, 52% used [0x00000007b9c00000,0x00000007bbf22568,0x00000007bdf00000)
 Metaspace       used 73506K, capacity 76702K, committed 76928K, reserved 1116160K
  class space    used 9204K, capacity 9796K, committed 9856K, reserved 1048576K
}
Event: 62.743 GC heap before
{Heap before GC invocations=84 (full 3):
 PSYoungGen      total 21504K, used 19518K [0x00000007bdf00000, 0x00000007c0000000, 0x00000007c0000000)
  eden space 11264K, 100% used [0x00000007bdf00000,0x00000007bea00000,0x00000007bea00000)
  from space 10240K, 80% used [0x00000007bf600000,0x00000007bfe0f8b0,0x00000007c0000000)
  to   space 11264K, 0% used [0x00000007bea00000,0x00000007bea00000,0x00000007bf500000)
 ParOldGen       total 68608K, used 35977K [0x00000007b9c00000, 0x00000007bdf00000, 0x00000007bdf00000)
  object space 68608K, 52% used [0x00000007b9c00000,0x00000007bbf22568,0x00000007bdf00000)
 Metaspace       used 73983K, capacity 77182K, committed 77440K, reserved 1116160K
  class space    used 9251K, capacity 9828K, committed 9856K, reserved 1048576K
Event: 62.759 GC heap after
Heap after GC invocations=84 (full 3):
 PSYoungGen      total 22528K, used 7976K [0x00000007bdf00000, 0x00000007c0000000, 0x00000007c0000000)
  eden space 11264K, 0% used [0x00000007bdf00000,0x00000007bdf00000,0x00000007bea00000)
  from space 11264K, 70% used [0x00000007bea00000,0x00000007bf1ca2f0,0x00000007bf500000)
  to   space 11264K, 0% used [0x00000007bf500000,0x00000007bf500000,0x00000007c0000000)
 ParOldGen       total 68608K, used 36253K [0x00000007b9c00000, 0x00000007bdf00000, 0x00000007bdf00000)
  object space 68608K, 52% used [0x00000007b9c00000,0x00000007bbf67598,0x00000007bdf00000)
 Metaspace       used 73983K, capacity 77182K, committed 77440K, reserved 1116160K
  class space    used 9251K, capacity 9828K, committed 9856K, reserved 1048576K
}
Event: 63.333 GC heap before
{Heap before GC invocations=85 (full 3):
 PSYoungGen      total 22528K, used 19240K [0x00000007bdf00000, 0x00000007c0000000, 0x00000007c0000000)
  eden space 11264K, 100% used [0x00000007bdf00000,0x00000007bea00000,0x00000007bea00000)
  from space 11264K, 70% used [0x00000007bea00000,0x00000007bf1ca2f0,0x00000007bf500000)
  to   space 11264K, 0% used [0x00000007bf500000,0x00000007bf500000,0x00000007c0000000)
 ParOldGen       total 68608K, used 36253K [0x00000007b9c00000, 0x00000007bdf00000, 0x00000007bdf00000)
  object space 68608K, 52% used [0x00000007b9c00000,0x00000007bbf67598,0x00000007bdf00000)
 Metaspace       used 74574K, capacity 77814K, committed 78080K, reserved 1118208K
  class space    used 9310K, capacity 9880K, committed 9984K, reserved 1048576K
Event: 63.348 GC heap after
Heap after GC invocations=85 (full 3):
 PSYoungGen      total 22528K, used 8496K [0x00000007bdf00000, 0x00000007c0000000, 0x00000007c0000000)
  eden space 11264K, 0% used [0x00000007bdf00000,0x00000007bdf00000,0x00000007bea00000)
  from space 11264K, 75% used [0x00000007bf500000,0x00000007bfd4c1e0,0x00000007c0000000)
  to   space 11264K, 0% used [0x00000007bea00000,0x00000007bea00000,0x00000007bf500000)
 ParOldGen       total 68608K, used 36301K [0x00000007b9c00000, 0x00000007bdf00000, 0x00000007bdf00000)
  object space 68608K, 52% used [0x00000007b9c00000,0x00000007bbf73598,0x00000007bdf00000)
 Metaspace       used 74574K, capacity 77814K, committed 78080K, reserved 1118208K
  class space    used 9310K, capacity 9880K, committed 9984K, reserved 1048576K
}
Event: 64.557 GC heap before
{Heap before GC invocations=86 (full 3):
 PSYoungGen      total 22528K, used 19760K [0x00000007bdf00000, 0x00000007c0000000, 0x00000007c0000000)
  eden space 11264K, 100% used [0x00000007bdf00000,0x00000007bea00000,0x00000007bea00000)
  from space 11264K, 75% used [0x00000007bf500000,0x00000007bfd4c1e0,0x00000007c0000000)
  to   space 11264K, 0% used [0x00000007bea00000,0x00000007bea00000,0x00000007bf500000)
 ParOldGen       total 68608K, used 36301K [0x00000007b9c00000, 0x00000007bdf00000, 0x00000007bdf00000)
  object space 68608K, 52% used [0x00000007b9c00000,0x00000007bbf73598,0x00000007bdf00000)
 Metaspace       used 75014K, capacity 78216K, committed 78336K, reserved 1118208K
  class space    used 9354K, capacity 9925K, committed 9984K, reserved 1048576K
Event: 64.571 GC heap after
Heap after GC invocations=86 (full 3):
 PSYoungGen      total 22528K, used 8456K [0x00000007bdf00000, 0x00000007c0000000, 0x00000007c0000000)
  eden space 11264K, 0% used [0x00000007bdf00000,0x00000007bdf00000,0x00000007bea00000)
  from space 11264K, 75% used [0x00000007bea00000,0x00000007bf2420e0,0x00000007bf500000)
  to   space 11264K, 0% used [0x00000007bf500000,0x00000007bf500000,0x00000007c0000000)
 ParOldGen       total 68608K, used 36325K [0x00000007b9c00000, 0x00000007bdf00000, 0x00000007bdf00000)
  object space 68608K, 52% used [0x00000007b9c00000,0x00000007bbf79598,0x00000007bdf00000)
 Metaspace       used 75014K, capacity 78216K, committed 78336K, reserved 1118208K
  class space    used 9354K, capacity 9925K, committed 9984K, reserved 1048576K
}
Event: 65.479 GC heap before
{Heap before GC invocations=87 (full 3):
 PSYoungGen      total 22528K, used 19716K [0x00000007bdf00000, 0x00000007c0000000, 0x00000007c0000000)
  eden space 11264K, 99% used [0x00000007bdf00000,0x00000007be9ff0f0,0x00000007bea00000)
  from space 11264K, 75% used [0x00000007bea00000,0x00000007bf2420e0,0x00000007bf500000)
  to   space 11264K, 0% used [0x00000007bf500000,0x00000007bf500000,0x00000007c0000000)
 ParOldGen       total 68608K, used 36325K [0x00000007b9c00000, 0x00000007bdf00000, 0x00000007bdf00000)
  object space 68608K, 52% used [0x00000007b9c00000,0x00000007bbf79598,0x00000007bdf00000)
 Metaspace       used 75194K, capacity 78446K, committed 78592K, reserved 1118208K
  class space    used 9367K, capacity 9958K, committed 9984K, reserved 1048576K
Event: 65.501 GC heap after
Heap after GC invocations=87 (full 3):
 PSYoungGen      total 22528K, used 8383K [0x00000007bdf00000, 0x00000007c0000000, 0x00000007c0000000)
  eden space 11264K, 0% used [0x00000007bdf00000,0x00000007bdf00000,0x00000007bea00000)
  from space 11264K, 74% used [0x00000007bf500000,0x00000007bfd2fce0,0x00000007c0000000)
  to   space 11264K, 0% used [0x00000007bea00000,0x00000007bea00000,0x00000007bf500000)
 ParOldGen       total 68608K, used 36613K [0x00000007b9c00000, 0x00000007bdf00000, 0x00000007bdf00000)
  object space 68608K, 53% used [0x00000007b9c00000,0x00000007bbfc1618,0x00000007bdf00000)
 Metaspace       used 75194K, capacity 78446K, committed 78592K, reserved 1118208K
  class space    used 9367K, capacity 9958K, committed 9984K, reserved 1048576K
}

